c:\users\weizhe yuan\documents\hw2\hw2\debug\vc120.pdb
c:\users\weizhe yuan\documents\hw2\hw2\debug\vc120.idb
c:\users\weizhe yuan\documents\hw2\hw2\debug\lighting.obj
c:\users\weizhe yuan\documents\hw2\hw2\debug\attribute.obj
c:\users\weizhe yuan\documents\hw2\hw2\debug\glsupport.obj
c:\users\weizhe yuan\documents\hw2\hw2\debug\luaconfig.obj
c:\users\weizhe yuan\documents\hw2\hw2\debug\luatable.obj
c:\users\weizhe yuan\documents\hw2\hw2\debug\program.obj
c:\users\weizhe yuan\documents\hw2\hw2\debug\timer.obj
c:\users\weizhe yuan\documents\hw2\hw2\debug\uniform.obj
c:\users\weizhe yuan\documents\hw2\hw2\debug\light.obj
c:\users\weizhe yuan\documents\hw2\debug\homework.ilk
c:\users\weizhe yuan\documents\hw2\debug\homework.exe
c:\users\weizhe yuan\documents\hw2\debug\homework.pdb
c:\users\weizhe yuan\documents\hw2\hw2\debug\homework.tlog\cl.command.1.tlog
c:\users\weizhe yuan\documents\hw2\hw2\debug\homework.tlog\cl.read.1.tlog
c:\users\weizhe yuan\documents\hw2\hw2\debug\homework.tlog\cl.write.1.tlog
c:\users\weizhe yuan\documents\hw2\hw2\debug\homework.tlog\link.command.1.tlog
c:\users\weizhe yuan\documents\hw2\hw2\debug\homework.tlog\link.read.1.tlog
c:\users\weizhe yuan\documents\hw2\hw2\debug\homework.tlog\link.write.1.tlog
